{"C:\\Users\\lbhav\\react-sonar-demo\\src\\components\\CounterEx\\Counter.jsx": {"path":"C:\\Users\\lbhav\\react-sonar-demo\\src\\components\\CounterEx\\Counter.jsx","statementMap":{"0":{"start":{"line":4,"column":16},"end":{"line":4,"column":null}},"1":{"start":{"line":6,"column":2},"end":{"line":17,"column":null}},"2":{"start":{"line":12,"column":10},"end":{"line":12,"column":null}}},"fnMap":{"0":{"name":"Counter","decl":{"start":{"line":3,"column":9},"end":{"line":3,"column":19}},"loc":{"start":{"line":3,"column":19},"end":{"line":19,"column":null}},"line":3},"1":{"name":"(anonymous_1)","decl":{"start":{"line":11,"column":8},"end":{"line":11,"column":null}},"loc":{"start":{"line":12,"column":10},"end":{"line":12,"column":null}},"line":12}},"branchMap":{},"s":{"0":1,"1":1,"2":0},"f":{"0":1,"1":0},"b":{},"meta":{"lastBranch":0,"lastFunction":2,"lastStatement":3,"seen":{"f:3:9:3:19":0,"s:4:16:4:Infinity":0,"s:6:2:17:Infinity":1,"f:11:8:11:Infinity":1,"s:12:10:12:Infinity":2},"fnNames":{}}}
}
